c:\users\łukasz\source\repos\lukasparrow\2d-sfml-game\2d-sfml-game\debug\2d-sfml-game.pch
c:\users\łukasz\source\repos\lukasparrow\2d-sfml-game\2d-sfml-game\debug\vc143.pdb
c:\users\łukasz\source\repos\lukasparrow\2d-sfml-game\2d-sfml-game\debug\vc143.idb
c:\users\łukasz\source\repos\lukasparrow\2d-sfml-game\2d-sfml-game\debug\stdafx.obj
c:\users\łukasz\source\repos\lukasparrow\2d-sfml-game\2d-sfml-game\debug\tilemap.obj
c:\users\łukasz\source\repos\lukasparrow\2d-sfml-game\2d-sfml-game\debug\tile.obj
c:\users\łukasz\source\repos\lukasparrow\2d-sfml-game\2d-sfml-game\debug\state.obj
c:\users\łukasz\source\repos\lukasparrow\2d-sfml-game\2d-sfml-game\debug\settingsstate.obj
c:\users\łukasz\source\repos\lukasparrow\2d-sfml-game\2d-sfml-game\debug\player.obj
c:\users\łukasz\source\repos\lukasparrow\2d-sfml-game\2d-sfml-game\debug\pausemenu.obj
c:\users\łukasz\source\repos\lukasparrow\2d-sfml-game\2d-sfml-game\debug\movementcomponent.obj
c:\users\łukasz\source\repos\lukasparrow\2d-sfml-game\2d-sfml-game\debug\mainmenustate.obj
c:\users\łukasz\source\repos\lukasparrow\2d-sfml-game\2d-sfml-game\debug\main.obj
c:\users\łukasz\source\repos\lukasparrow\2d-sfml-game\2d-sfml-game\debug\hitboxcomponent.obj
c:\users\łukasz\source\repos\lukasparrow\2d-sfml-game\2d-sfml-game\debug\gamestate.obj
c:\users\łukasz\source\repos\lukasparrow\2d-sfml-game\2d-sfml-game\debug\game.obj
c:\users\łukasz\source\repos\lukasparrow\2d-sfml-game\2d-sfml-game\debug\entity.obj
c:\users\łukasz\source\repos\lukasparrow\2d-sfml-game\2d-sfml-game\debug\editorstate.obj
c:\users\łukasz\source\repos\lukasparrow\2d-sfml-game\2d-sfml-game\debug\gui.obj
c:\users\łukasz\source\repos\lukasparrow\2d-sfml-game\2d-sfml-game\debug\graphicssettings.obj
c:\users\łukasz\source\repos\lukasparrow\2d-sfml-game\2d-sfml-game\debug\animationcomponent.obj
c:\users\łukasz\source\repos\lukasparrow\2d-sfml-game\debug\2d-sfml-game.exe
c:\users\łukasz\source\repos\lukasparrow\2d-sfml-game\debug\2d-sfml-game.pdb
c:\users\łukasz\source\repos\lukasparrow\2d-sfml-game\2d-sfml-game\debug\2d-sfml-game.ilk
c:\users\łukasz\source\repos\lukasparrow\2d-sfml-game\2d-sfml-game\debug\2d-sfml-game.tlog\cl.command.1.tlog
c:\users\łukasz\source\repos\lukasparrow\2d-sfml-game\2d-sfml-game\debug\2d-sfml-game.tlog\cl.items.tlog
c:\users\łukasz\source\repos\lukasparrow\2d-sfml-game\2d-sfml-game\debug\2d-sfml-game.tlog\cl.read.1.tlog
c:\users\łukasz\source\repos\lukasparrow\2d-sfml-game\2d-sfml-game\debug\2d-sfml-game.tlog\cl.write.1.tlog
c:\users\łukasz\source\repos\lukasparrow\2d-sfml-game\2d-sfml-game\debug\2d-sfml-game.tlog\link.command.1.tlog
c:\users\łukasz\source\repos\lukasparrow\2d-sfml-game\2d-sfml-game\debug\2d-sfml-game.tlog\link.read.1.tlog
c:\users\łukasz\source\repos\lukasparrow\2d-sfml-game\2d-sfml-game\debug\2d-sfml-game.tlog\link.secondary.1.tlog
c:\users\łukasz\source\repos\lukasparrow\2d-sfml-game\2d-sfml-game\debug\2d-sfml-game.tlog\link.write.1.tlog
