  Game.cpp
  GameState.cpp
  MainMenuState.cpp
  PlayerGui.cpp
  main.cpp
C:\Users\Łukasz\source\repos\LukaSparrow\2D-SFML-Game\PlayerGui.cpp(45,16): warning C4244: "inicjowanie": konwersja z "int" do "float", możliwa utrata danych
  (kompilowanie pliku źródłowego „/PlayerGui.cpp”)
  
  Trwa generowanie kodu
  10 of 1471 functions ( 0.7%) were compiled, the rest were copied from previous compilation.
    0 functions were new in current compilation
    2 functions had inline decision re-evaluated but remain unchanged
  Zakończono generowanie kodu
  2D-SFML-Game.vcxproj -> C:\Users\Łukasz\source\repos\LukaSparrow\2D-SFML-Game\Release\2D-SFML-Game.exe

Podsumowanie wydajności projektu:
     1587 ms  C:\Users\Łukasz\source\repos\LukaSparrow\2D-SFML-Game\2D-SFML-Game.vcxproj — wywołań:   1
               1587 ms  Build                                    — wywołań:   1

Podsumowanie wydajności elementu docelowego:
        0 ms  _ResourceCompile                         — wywołań:   1
        0 ms  _Link                                    — wywołań:   1
        0 ms  AfterLink                                — wywołań:   1
        0 ms  ComputeLinkSwitches                      — wywołań:   1
        0 ms  PreLinkEvent                             — wywołań:   1
        0 ms  MakeDirsForLink                          — wywołań:   1
        0 ms  PrepareResourceNames                     — wywołań:   1
        0 ms  CreateCustomManifestResourceNames        — wywołań:   1
        0 ms  ComputeManifestInputsTargets             — wywołań:   1
        0 ms  ComputeLinkInputsFromProject             — wywołań:   1
        0 ms  ComputeCLGeneratedLinkInputs             — wywołań:   1
        0 ms  _ALink                                   — wywołań:   1
        0 ms  ComputeManifestGeneratedLinkerInputs     — wywołań:   1
        0 ms  ComputeRCOutputs                         — wywołań:   1
        0 ms  BeforeLink                               — wywołań:   1
        0 ms  ComputeLegacyManifestEmbedding           — wywołań:   1
        0 ms  BuildLinkTraverse                        — wywołań:   1
        0 ms  BuildCompile                             — wywołań:   1
        0 ms  _BuildCompileAction                      — wywołań:   1
        0 ms  AfterBuildCompileEvent                   — wywołań:   1
        0 ms  AfterResourceCompile                     — wywołań:   1
        0 ms  BeforeResourceCompile                    — wywołań:   1
        0 ms  _ClCompile                               — wywołań:   1
        0 ms  ComputeRCGeneratedLinkInputs             — wywołań:   1
        0 ms  _Manifest                                — wywołań:   1
        0 ms  RegisterOutput                           — wywołań:   1
        0 ms  ResolvedXDCMake                          — wywołań:   1
        0 ms  IncrementalClean                         — wywołań:   1
        0 ms  AfterBuild                               — wywołań:   1
        0 ms  BuildLink                                — wywołań:   1
        0 ms  _BuildLinkAction                         — wywołań:   1
        0 ms  PostBuildEvent                           — wywołań:   1
        0 ms  PrepareForRun                            — wywołań:   1
        0 ms  CopyFilesToOutputDirectory               — wywołań:   1
        0 ms  _CheckForCompileOutputs                  — wywołań:   1
        0 ms  _CopySourceItemsToOutputDirectory        — wywołań:   1
        0 ms  _GetCopyToOutputDirectoryItemsFromTransitiveProjectReferences — wywołań:   1
        0 ms  GetCopyToOutputDirectoryXamlAppDefs      — wywołań:   1
        0 ms  _PopulateCommonStateForGetCopyToOutputDirectoryItems — wywołań:   1
        0 ms  _Deploy                                  — wywołań:   1
        0 ms  _Appverifier                             — wywołań:   1
        0 ms  _GenerateSatelliteAssemblyInputs         — wywołań:   1
        0 ms  MakeDirsForFxc                           — wywołań:   1
        0 ms  SatelliteDllsProjectOutputGroup          — wywołań:   1
        0 ms  BuiltProjectOutputGroup                  — wywołań:   1
        0 ms  _BscMake                                 — wywołań:   1
        0 ms  MakeDirsForBscMake                       — wywołań:   1
        0 ms  ComputeCLCompileGeneratedSbrFiles        — wywołań:   1
        0 ms  _XdcMake                                 — wywołań:   1
        0 ms  MakeDirsForXdcMake                       — wywołań:   1
        0 ms  AfterClCompile                           — wywołań:   1
        0 ms  SelectClCompile                          — wywołań:   1
        0 ms  Build                                    — wywołań:   1
        0 ms  SelectCustomBuild                        — wywołań:   1
        0 ms  ComputeCustomBuildOutput                 — wywołań:   1
        0 ms  _SplitProjectReferencesByFileExistence   — wywołań:   1
        0 ms  _PrepareForReferenceResolution           — wywołań:   1
        0 ms  _SelectedFiles                           — wywołań:   1
        0 ms  PreBuildEvent                            — wywołań:   1
        0 ms  BeforeBuildGenerateSources               — wywołań:   1
        0 ms  BuildGenerateSourcesTraverse             — wywołań:   1
        0 ms  ResolveReferences                        — wywołań:   1
        0 ms  AfterResolveReferences                   — wywołań:   1
        0 ms  _PrepareForBuild                         — wywołań:   1
        0 ms  ResolveAssemblyReferences                — wywołań:   1
        0 ms  ResolveSDKReferences                     — wywołań:   1
        0 ms  BeforeResolveReferences                  — wywołań:   1
        0 ms  _CheckWindowsSDKInstalled                — wywołań:   1
        0 ms  GetResolvedWinMD                         — wywołań:   1
        0 ms  IgnoreJavaScriptOutputAssembly           — wywołań:   1
        0 ms  AddExternalIncludDirectoriesToPaths      — wywołań:   1
        0 ms  GetFrameworkPaths                        — wywołań:   1
        0 ms  ResolveProjectReferences                 — wywołań:   1
        0 ms  PrepareProjectReferences                 — wywołań:   1
        0 ms  ExpandSDKReferences                      — wywołań:   1
        0 ms  _Xsd                                     — wywołań:   1
        0 ms  _AddOutputPathToGlobalPropertiesToRemove — wywołań:   1
        0 ms  ComputeCLInputPDBName                    — wywołań:   1
        0 ms  ComputeReferenceCLInput                  — wywołań:   1
        0 ms  FindReferenceAssembliesForReferences     — wywołań:   1
        0 ms  MakeDirsForMidl                          — wywołań:   1
        0 ms  ComputeMIDLGeneratedCompileInputs        — wywołań:   1
        0 ms  AfterMidl                                — wywołań:   1
        0 ms  BeforeClCompile                          — wywołań:   1
        0 ms  _Midl                                    — wywołań:   1
        0 ms  AfterBuildGenerateSources                — wywołań:   1
        0 ms  AfterBuildGenerateSourcesEvent           — wywołań:   1
        0 ms  BuildCompileTraverse                     — wywołań:   1
        0 ms  _BuildGenerateSourcesAction              — wywołań:   1
        0 ms  BuildGenerateSources                     — wywołań:   1
        1 ms  CopyFileToFolders                        — wywołań:   1
        1 ms  ComputeStdModulesCompileInputs           — wywołań:   1
        1 ms  ComputeCLCompileGeneratedXDCFiles        — wywołań:   1
        1 ms  SetBuildDefaultEnvironmentVariables      — wywołań:   1
        1 ms  GetReferencedVCProjectsInfo              — wywołań:   1
        1 ms  MakeDirsForCl                            — wywołań:   1
        1 ms  MakeDirsForResourceCompile               — wywołań:   1
        1 ms  AssignProjectConfiguration               — wywołań:   1
        1 ms  FinalizeBuildStatus                      — wywołań:   1
        1 ms  DoLinkOutputFilesMatch                   — wywołań:   1
        1 ms  AssignTargetPaths                        — wywołań:   1
        1 ms  _GetCopyToOutputDirectoryItemsFromThisProject — wywołań:   1
        1 ms  CreateSatelliteAssemblies                — wywołań:   1
        1 ms  ComputeCLOutputs                         — wywołań:   1
        1 ms  SetCABuildNativeEnvironmentVariables     — wywołań:   1
        1 ms  SplitResourcesByCulture                  — wywołań:   1
        1 ms  ContentFilesProjectOutputGroup           — wywołań:   1
        1 ms  WarnCompileDuplicatedFilename            — wywołań:   1
        2 ms  GetCopyToOutputDirectoryItems            — wywołań:   1
        2 ms  FixupCLCompileOptions                    — wywołań:   1
        2 ms  _CleanGetCurrentAndPriorFileWrites       — wywołań:   1
        3 ms  InitializeBuildStatus                    — wywołań:   1
        4 ms  TlogCleanup                              — wywołań:   1
        5 ms  SetTelemetryEnvironmentVariables         — wywołań:   1
        7 ms  _CheckForInvalidConfigurationAndPlatform — wywołań:   1
        7 ms  PrepareForBuild                          — wywołań:   1
        7 ms  CustomBuild                              — wywołań:   1
        8 ms  GetReferenceAssemblyPaths                — wywołań:   1
       16 ms  CreateRecipeFile                         — wywołań:   1
       34 ms  _GetProjectReferenceTargetFrameworkProperties — wywołań:   1
      708 ms  ClCompile                                — wywołań:   1
      764 ms  Link                                     — wywołań:   1

Podsumowanie wydajności zadania:
        0 ms  Message                                  — wywołań:   3
        0 ms  FindUnderPath                            — wywołań:   5
        0 ms  AssignCulture                            — wywołań:   1
        0 ms  MSBuild                                  — wywołań:   1
        0 ms  ConvertToAbsolutePath                    — wywołań:   1
        1 ms  ReadLinesFromFile                        — wywołań:   2
        1 ms  CheckVCToolsetVersion                    — wywołań:   1
        1 ms  AssignProjectConfiguration               — wywołań:   1
        1 ms  Delete                                   — wywołań:   2
        1 ms  CallTarget                               — wywołań:   2
        1 ms  VCMessage                                — wywołań:   1
        1 ms  SetRidAgnosticValueForProjects           — wywołań:   1
        1 ms  WriteLinesToFile                         — wywołań:   1
        1 ms  RemoveDuplicates                         — wywołań:   2
        1 ms  Touch                                    — wywołań:   2
        2 ms  AssignTargetPath                         — wywołań:   7
        3 ms  SetEnv                                   — wywołań:  11
        3 ms  MakeDir                                  — wywołań:  10
        4 ms  CleanupStaleTlogItems                    — wywołań:   1
        7 ms  GetOutOfDateItems                        — wywołań:   3
       16 ms  GenerateDesktopDeployRecipe              — wywołań:   1
      705 ms  CL                                       — wywołań:   2
      761 ms  Link                                     — wywołań:   1
