  Button.cpp
  Entity.cpp
  Game.cpp
  GameState.cpp
  main.cpp
  MainMenuState.cpp
C:\Users\Łukasz\source\repos\LukaSparrow\2D-SFML-Game\MainMenuState.cpp(45,78): warning C4244: "argument": konwersja z "T" do "T", możliwa utrata danych
C:\Users\Łukasz\source\repos\LukaSparrow\2D-SFML-Game\MainMenuState.cpp(45,78): warning C4244:         with
C:\Users\Łukasz\source\repos\LukaSparrow\2D-SFML-Game\MainMenuState.cpp(45,78): warning C4244:         [
C:\Users\Łukasz\source\repos\LukaSparrow\2D-SFML-Game\MainMenuState.cpp(45,78): warning C4244:             T=unsigned int
C:\Users\Łukasz\source\repos\LukaSparrow\2D-SFML-Game\MainMenuState.cpp(45,78): warning C4244:         ]
C:\Users\Łukasz\source\repos\LukaSparrow\2D-SFML-Game\MainMenuState.cpp(45,78): warning C4244:         and
C:\Users\Łukasz\source\repos\LukaSparrow\2D-SFML-Game\MainMenuState.cpp(45,78): warning C4244:         [
C:\Users\Łukasz\source\repos\LukaSparrow\2D-SFML-Game\MainMenuState.cpp(45,78): warning C4244:             T=float
C:\Users\Łukasz\source\repos\LukaSparrow\2D-SFML-Game\MainMenuState.cpp(45,78): warning C4244:         ]
C:\Users\Łukasz\source\repos\LukaSparrow\2D-SFML-Game\MainMenuState.cpp(45,57): warning C4244: "argument": konwersja z "T" do "T", możliwa utrata danych
C:\Users\Łukasz\source\repos\LukaSparrow\2D-SFML-Game\MainMenuState.cpp(45,57): warning C4244:         with
C:\Users\Łukasz\source\repos\LukaSparrow\2D-SFML-Game\MainMenuState.cpp(45,57): warning C4244:         [
C:\Users\Łukasz\source\repos\LukaSparrow\2D-SFML-Game\MainMenuState.cpp(45,57): warning C4244:             T=unsigned int
C:\Users\Łukasz\source\repos\LukaSparrow\2D-SFML-Game\MainMenuState.cpp(45,57): warning C4244:         ]
C:\Users\Łukasz\source\repos\LukaSparrow\2D-SFML-Game\MainMenuState.cpp(45,57): warning C4244:         and
C:\Users\Łukasz\source\repos\LukaSparrow\2D-SFML-Game\MainMenuState.cpp(45,57): warning C4244:         [
C:\Users\Łukasz\source\repos\LukaSparrow\2D-SFML-Game\MainMenuState.cpp(45,57): warning C4244:             T=float
C:\Users\Łukasz\source\repos\LukaSparrow\2D-SFML-Game\MainMenuState.cpp(45,57): warning C4244:         ]
  State.cpp
  Trwa generowanie kodu
  Previous IPDB not found, fall back to full compilation.
  All 551 functions were compiled because no usable IPDB/IOBJ from previous compilation was found.
  Zakończono generowanie kodu
  2D-SFML-Game.vcxproj -> C:\Users\Łukasz\source\repos\LukaSparrow\2D-SFML-Game\Release\2D-SFML-Game.exe
